#
# A fatal error has been detected by the Java Runtime Environment:
#
#  EXCEPTION_ACCESS_VIOLATION (0xc0000005) at pc=0x00000000732edf68, pid=7872, tid=10980
#
# JRE version: Java(TM) SE Runtime Environment (7.0_51-b13) (build 1.7.0_51-b13)
# Java VM: Java HotSpot(TM) 64-Bit Server VM (24.51-b03 mixed mode windows-amd64 compressed oops)
# Problematic frame:
# V  [jvm.dll+0xedf68]
#
# Failed to write core dump. Minidumps are not enabled by default on client versions of Windows
#
# If you would like to submit a bug report, please visit:
#   http://bugreport.sun.com/bugreport/crash.jsp
#

---------------  T H R E A D  ---------------

Current thread (0x0000000002c02000):  GCTaskThread [stack: 0x0000000006d70000,0x0000000006e70000] [id=10980]

siginfo: ExceptionCode=0xc0000005, reading address 0x00000003c61b1160

Registers:
RAX=0x00000003c61b1148, RBX=0x0000000775e21340, RCX=0x0000000000000003, RDX=0x0000000000000000
RSP=0x0000000006e6fb00, RBP=0x0000000775e20a2c, RSI=0x0000000000000003, RDI=0x0000000002cc2010
R8 =0x0000000000000028, R9 =0x0000000000000003, R10=0x0000000000000000, R11=0x000000000000000c
R12=0x0000000775e20a40, R13=0x0000000723e74a08, R14=0x0000000723e74a10, R15=0x0000000775e20a00
RIP=0x00000000732edf68, EFLAGS=0x0000000000010206

Top of Stack: (sp=0x0000000006e6fb00)
0x0000000006e6fb00:   0000000775e20bb0 0000000775e20a28
0x0000000006e6fb10:   0000000000000003 0000000002cc2010
0x0000000006e6fb20:   0000000000000000 00000000000003d8
0x0000000006e6fb30:   0000000002c02648 00001c3f00000ddc
0x0000000006e6fb40:   0000000000000ec6 000000007359277c
0x0000000006e6fb50:   000000000efb5698 0000000775e20a00
0x0000000006e6fb60:   0000000002cc2010 0000000002c02270
0x0000000006e6fb70:   00001c3f00000ddc 0000000000000c00
0x0000000006e6fb80:   0000000779625310 0000000000000200
0x0000000006e6fb90:   0000000002c03900 0000000010e78000
0x0000000006e6fba0:   0000000002bfa401 0000000002c02648
0x0000000006e6fbb0:   0000000002c02270 00000000000003d8
0x0000000006e6fbc0:   0000000002c02270 0000000002bfa440
0x0000000006e6fbd0:   0000000002c02260 000000000e5854d0
0x0000000006e6fbe0:   0000000002cc2010 000000007358fa6e
0x0000000006e6fbf0:   00001c3e00000ddc 00001c3f00000ddc 

Instructions: (pc=0x00000000732edf68)
0x00000000732edf48:   82 55 01 00 00 80 3d e4 cc 65 00 00 74 0e 8b 43
0x00000000732edf58:   08 41 8b c9 48 d3 e0 49 03 c2 eb 04 48 8b 43 08
0x00000000732edf68:   44 8b 40 18 48 8d 48 10 45 85 c0 7e 0c 41 f6 c0
0x00000000732edf78:   01 75 50 41 c1 f8 03 eb 59 79 48 80 3d ae cc 65 


Register to memory mapping:

RAX=0x00000003c61b1148 is an unknown value
RBX=
[error occurred during error reporting (printing register info), id 0xc0000005]

Stack: [0x0000000006d70000,0x0000000006e70000],  sp=0x0000000006e6fb00,  free space=1022k
Native frames: (J=compiled Java code, j=interpreted, Vv=VM code, C=native code)
V  [jvm.dll+0xedf68]


---------------  P R O C E S S  ---------------

Java Threads: ( => current thread )
  0x0000000010e7c000 JavaThread "btpool0-11" [_thread_blocked, id=7456, stack(0x00000000132c0000,0x00000000133c0000)]
  0x0000000010e78000 JavaThread "Code server for co.com.sisegfut.Main from Mozilla/5.0 (Windows NT 6.3; WOW64; rv:24.0) Gecko/20100101 Firefox/24.0 on http://127.0.0.1:8889/?gwt.codesvr=127.0.0.1:9997 @ g+<.o"J]@~W"`68~" daemon [_thread_in_native, id=6864, stack(0x00000000130c0000,0x00000000131c0000)]
  0x0000000010e72000 JavaThread "Timer-0" daemon [_thread_blocked, id=9904, stack(0x0000000012bc0000,0x0000000012cc0000)]
  0x0000000010e79000 JavaThread "btpool0-0 - Acceptor0 SelectChannelConnector@127.0.0.1:8889" [_thread_in_native, id=10548, stack(0x0000000014300000,0x0000000014400000)]
  0x0000000010e74800 JavaThread "GC Daemon" daemon [_thread_blocked, id=7884, stack(0x0000000013fb0000,0x00000000140b0000)]
  0x0000000010e7b000 JavaThread "Code server listener" daemon [_thread_in_native, id=8616, stack(0x00000000140b0000,0x00000000141b0000)]
  0x0000000010e77800 JavaThread "TimerQueue" daemon [_thread_blocked, id=7640, stack(0x0000000013eb0000,0x0000000013fb0000)]
  0x0000000010e76800 JavaThread "UnitWriteThread" daemon [_thread_blocked, id=2980, stack(0x0000000013db0000,0x0000000013eb0000)]
  0x0000000010e70800 JavaThread "org.netbeans.modules.debugger.jpda.visual AWT Access Loop" daemon [_thread_blocked, id=9572, stack(0x0000000012ac0000,0x0000000012bc0000)]
  0x0000000010e71800 JavaThread "com.google.gwt.thirdparty.guava.common.base.internal.Finalizer" daemon [_thread_blocked, id=8648, stack(0x00000000129c0000,0x0000000012ac0000)]
  0x0000000010aa4000 JavaThread "AWT-EventQueue-0" [_thread_blocked, id=7204, stack(0x00000000128c0000,0x00000000129c0000)]
  0x0000000010aa3800 JavaThread "AWT-Windows" daemon [_thread_in_native, id=10256, stack(0x00000000125d0000,0x00000000126d0000)]
  0x0000000010aa5000 JavaThread "AWT-Shutdown" [_thread_blocked, id=7904, stack(0x00000000124d0000,0x00000000125d0000)]
  0x0000000010aa2000 JavaThread "Java2D Disposer" daemon [_thread_blocked, id=9744, stack(0x00000000123d0000,0x00000000124d0000)]
  0x000000000e6c6800 JavaThread "Service Thread" daemon [_thread_blocked, id=10156, stack(0x0000000010120000,0x0000000010220000)]
  0x000000000e6c6000 JavaThread "C2 CompilerThread1" daemon [_thread_blocked, id=816, stack(0x0000000010020000,0x0000000010120000)]
  0x000000000e6c4000 JavaThread "C2 CompilerThread0" daemon [_thread_blocked, id=11204, stack(0x000000000ff20000,0x0000000010020000)]
  0x000000000e6bc000 JavaThread "JDWP Command Reader" daemon [_thread_in_native, id=2720, stack(0x000000000fe20000,0x000000000ff20000)]
  0x000000000e6ae000 JavaThread "JDWP Event Helper Thread" daemon [_thread_blocked, id=3948, stack(0x000000000fd20000,0x000000000fe20000)]
  0x000000000e6ab800 JavaThread "JDWP Transport Listener: dt_socket" daemon [_thread_blocked, id=7368, stack(0x000000000fc20000,0x000000000fd20000)]
  0x000000000e698800 JavaThread "Attach Listener" daemon [_thread_blocked, id=8644, stack(0x000000000fb20000,0x000000000fc20000)]
  0x000000000e695800 JavaThread "Signal Dispatcher" daemon [_thread_blocked, id=1452, stack(0x000000000fa20000,0x000000000fb20000)]
  0x0000000002ccd000 JavaThread "Finalizer" daemon [_thread_blocked, id=3604, stack(0x000000000f920000,0x000000000fa20000)]
  0x000000000e674000 JavaThread "Reference Handler" daemon [_thread_blocked, id=6252, stack(0x000000000f820000,0x000000000f920000)]
  0x0000000002be6000 JavaThread "main" [_thread_blocked, id=1248, stack(0x0000000002ab0000,0x0000000002bb0000)]

Other Threads:
  0x000000000e672000 VMThread [stack: 0x000000000f720000,0x000000000f820000] [id=5880]
  0x000000000e70d800 WatcherThread [stack: 0x0000000010620000,0x0000000010720000] [id=7616]

=>0x0000000002c02000 (exited) GCTaskThread [stack: 0x0000000006d70000,0x0000000006e70000] [id=10980]

VM state:at safepoint (normal execution)

VM Mutex/Monitor currently owned by a thread:  ([mutex/lock_event])
[0x0000000002be2dd0] Threads_lock - owner thread: 0x000000000e672000
[0x0000000002be2a50] Heap_lock - owner thread: 0x0000000010e74800

Heap
 PSYoungGen      total 250368K, used 800K [0x00000007f0000000, 0x0000000800000000, 0x0000000800000000)
  eden space 239104K, 0% used [0x00000007f0000000,0x00000007f0000000,0x00000007fe980000)
  from space 11264K, 7% used [0x00000007fe980000,0x00000007fea48000,0x00000007ff480000)
  to   space 10752K, 0% used [0x00000007ff580000,0x00000007ff580000,0x0000000800000000)
 ParOldGen       total 786432K, used 217976K [0x000000076d400000, 0x000000079d400000, 0x00000007f0000000)
  object space 786432K, 27% used [0x000000076d400000,0x000000077a8de118,0x000000079d400000)
 PSPermGen       total 524288K, used 78840K [0x0000000720c00000, 0x0000000740c00000, 0x000000076d400000)
  object space 524288K, 15% used [0x0000000720c00000,0x00000007258fe2a8,0x0000000740c00000)

Card table byte_map: [0x0000000005ce0000,0x00000000063e0000] byte_map_base: 0x00000000023da000

Polling page: 0x0000000000ff0000

Code Cache  [0x0000000002ce0000, 0x0000000003820000, 0x0000000005ce0000)
 total_blobs=3184 nmethods=2479 adapters=662 free_code_cache=37742Kb largest_free_block=38538880

Compilation events (10 events):
Event: 5556.408 Thread 0x000000000e6c4000 2778             java.util.regex.Pattern::newSingle (98 bytes)
Event: 5556.412 Thread 0x000000000e6c4000 nmethod 2778 0x0000000003811f50 code [0x00000000038120e0, 0x0000000003812330]
Event: 6735.504 Thread 0x000000000e6c6000 2779             sun.nio.ch.SelectorImpl::selectedKeys (28 bytes)
Event: 6735.506 Thread 0x000000000e6c6000 nmethod 2779 0x0000000003811c10 code [0x0000000003811d60, 0x0000000003811e48]
Event: 6758.525 Thread 0x000000000e6c4000 2780   !         sun.nio.ch.SelectorImpl::processDeregisterQueue (111 bytes)
Event: 6758.530 Thread 0x000000000e6c4000 nmethod 2780 0x0000000003818890 code [0x0000000003818a40, 0x0000000003819090]
Event: 9279.994 Thread 0x000000000e6c6000 2781   !         org.mortbay.thread.Timeout::expired (75 bytes)
Event: 9279.994 Thread 0x000000000e6c4000 2782             org.mortbay.thread.Timeout::getTimeToNext (51 bytes)
Event: 9279.996 Thread 0x000000000e6c4000 nmethod 2782 0x00000000038118d0 code [0x0000000003811a20, 0x0000000003811b18]
Event: 9279.996 Thread 0x000000000e6c6000 nmethod 2781 0x0000000003815010 code [0x0000000003815160, 0x0000000003815588]

GC Heap History (10 events):
Event: 4668.624 GC heap after
Heap after GC invocations=51 (full 2):
 PSYoungGen      total 246784K, used 1184K [0x00000007f0000000, 0x0000000800000000, 0x0000000800000000)
  eden space 232448K, 0% used [0x00000007f0000000,0x00000007f0000000,0x00000007fe300000)
  from space 14336K, 8% used [0x00000007fe300000,0x00000007fe428000,0x00000007ff100000)
  to   space 13312K, 0% used [0x00000007ff300000,0x00000007ff300000,0x0000000800000000)
 ParOldGen       total 786432K, used 217872K [0x000000076d400000, 0x000000079d400000, 0x00000007f0000000)
  object space 786432K, 27% used [0x000000076d400000,0x000000077a8c4118,0x000000079d400000)
 PSPermGen       total 524288K, used 78835K [0x0000000720c00000, 0x0000000740c00000, 0x000000076d400000)
  object space 524288K, 15% used [0x0000000720c00000,0x00000007258fcc08,0x0000000740c00000)
}
Event: 5318.392 GC heap before
{Heap before GC invocations=52 (full 2):
 PSYoungGen      total 246784K, used 233632K [0x00000007f0000000, 0x0000000800000000, 0x0000000800000000)
  eden space 232448K, 100% used [0x00000007f0000000,0x00000007fe300000,0x00000007fe300000)
  from space 14336K, 8% used [0x00000007fe300000,0x00000007fe428000,0x00000007ff100000)
  to   space 13312K, 0% used [0x00000007ff300000,0x00000007ff300000,0x0000000800000000)
 ParOldGen       total 786432K, used 217872K [0x000000076d400000, 0x000000079d400000, 0x00000007f0000000)
  object space 786432K, 27% used [0x000000076d400000,0x000000077a8c4118,0x000000079d400000)
 PSPermGen       total 524288K, used 78840K [0x0000000720c00000, 0x0000000740c00000, 0x000000076d400000)
  object space 524288K, 15% used [0x0000000720c00000,0x00000007258fe2a8,0x0000000740c00000)
Event: 5318.404 GC heap after
Heap after GC invocations=52 (full 2):
 PSYoungGen      total 249344K, used 1120K [0x00000007f0000000, 0x0000000800000000, 0x0000000800000000)
  eden space 236032K, 0% used [0x00000007f0000000,0x00000007f0000000,0x00000007fe680000)
  from space 13312K, 8% used [0x00000007ff300000,0x00000007ff418000,0x0000000800000000)
  to   space 12800K, 0% used [0x00000007fe680000,0x00000007fe680000,0x00000007ff300000)
 ParOldGen       total 786432K, used 217896K [0x000000076d400000, 0x000000079d400000, 0x00000007f0000000)
  object space 786432K, 27% used [0x000000076d400000,0x000000077a8ca118,0x000000079d400000)
 PSPermGen       total 524288K, used 78840K [0x0000000720c00000, 0x0000000740c00000, 0x000000076d400000)
  object space 524288K, 15% used [0x0000000720c00000,0x00000007258fe2a8,0x0000000740c00000)
}
Event: 6020.807 GC heap before
{Heap before GC invocations=53 (full 2):
 PSYoungGen      total 249344K, used 237152K [0x00000007f0000000, 0x0000000800000000, 0x0000000800000000)
  eden space 236032K, 100% used [0x00000007f0000000,0x00000007fe680000,0x00000007fe680000)
  from space 13312K, 8% used [0x00000007ff300000,0x00000007ff418000,0x0000000800000000)
  to   space 12800K, 0% used [0x00000007fe680000,0x00000007fe680000,0x00000007ff300000)
 ParOldGen       total 786432K, used 217896K [0x000000076d400000, 0x000000079d400000, 0x00000007f0000000)
  object space 786432K, 27% used [0x000000076d400000,0x000000077a8ca118,0x000000079d400000)
 PSPermGen       total 524288K, used 78840K [0x0000000720c00000, 0x0000000740c00000, 0x000000076d400000)
  object space 524288K, 15% used [0x0000000720c00000,0x00000007258fe2a8,0x0000000740c00000)
Event: 6020.819 GC heap after
Heap after GC invocations=53 (full 2):
 PSYoungGen      total 248832K, used 1120K [0x00000007f0000000, 0x0000000800000000, 0x0000000800000000)
  eden space 236032K, 0% used [0x00000007f0000000,0x00000007f0000000,0x00000007fe680000)
  from space 12800K, 8% used [0x00000007fe680000,0x00000007fe798000,0x00000007ff300000)
  to   space 11776K, 0% used [0x00000007ff480000,0x00000007ff480000,0x0000000800000000)
 ParOldGen       total 786432K, used 217920K [0x000000076d400000, 0x000000079d400000, 0x00000007f0000000)
  object space 786432K, 27% used [0x000000076d400000,0x000000077a8d0118,0x000000079d400000)
 PSPermGen       total 524288K, used 78840K [0x0000000720c00000, 0x0000000740c00000, 0x000000076d400000)
  object space 524288K, 15% used [0x0000000720c00000,0x00000007258fe2a8,0x0000000740c00000)
}
Event: 9390.936 GC heap before
{Heap before GC invocations=54 (full 2):
 PSYoungGen      total 248832K, used 237152K [0x00000007f0000000, 0x0000000800000000, 0x0000000800000000)
  eden space 236032K, 100% used [0x00000007f0000000,0x00000007fe680000,0x00000007fe680000)
  from space 12800K, 8% used [0x00000007fe680000,0x00000007fe798000,0x00000007ff300000)
  to   space 11776K, 0% used [0x00000007ff480000,0x00000007ff480000,0x0000000800000000)
 ParOldGen       total 786432K, used 217920K [0x000000076d400000, 0x000000079d400000, 0x00000007f0000000)
  object space 786432K, 27% used [0x000000076d400000,0x000000077a8d0118,0x000000079d400000)
 PSPermGen       total 524288K, used 78840K [0x0000000720c00000, 0x0000000740c00000, 0x000000076d400000)
  object space 524288K, 15% used [0x0000000720c00000,0x00000007258fe2a8,0x0000000740c00000)
Event: 9390.948 GC heap after
Heap after GC invocations=54 (full 2):
 PSYoungGen      total 250880K, used 1152K [0x00000007f0000000, 0x0000000800000000, 0x0000000800000000)
  eden space 239104K, 0% used [0x00000007f0000000,0x00000007f0000000,0x00000007fe980000)
  from space 11776K, 9% used [0x00000007ff480000,0x00000007ff5a0000,0x0000000800000000)
  to   space 11264K, 0% used [0x00000007fe980000,0x00000007fe980000,0x00000007ff480000)
 ParOldGen       total 786432K, used 217944K [0x000000076d400000, 0x000000079d400000, 0x00000007f0000000)
  object space 786432K, 27% used [0x000000076d400000,0x000000077a8d6118,0x000000079d400000)
 PSPermGen       total 524288K, used 78840K [0x0000000720c00000, 0x0000000740c00000, 0x000000076d400000)
  object space 524288K, 15% used [0x0000000720c00000,0x00000007258fe2a8,0x0000000740c00000)
}
Event: 9868.484 GC heap before
{Heap before GC invocations=55 (full 2):
 PSYoungGen      total 250880K, used 164188K [0x00000007f0000000, 0x0000000800000000, 0x0000000800000000)
  eden space 239104K, 68% used [0x00000007f0000000,0x00000007f9f371a8,0x00000007fe980000)
  from space 11776K, 9% used [0x00000007ff480000,0x00000007ff5a0000,0x0000000800000000)
  to   space 11264K, 0% used [0x00000007fe980000,0x00000007fe980000,0x00000007ff480000)
 ParOldGen       total 786432K, used 217944K [0x000000076d400000, 0x000000079d400000, 0x00000007f0000000)
  object space 786432K, 27% used [0x000000076d400000,0x000000077a8d6118,0x000000079d400000)
 PSPermGen       total 524288K, used 78840K [0x0000000720c00000, 0x0000000740c00000, 0x000000076d400000)
  object space 524288K, 15% used [0x0000000720c00000,0x00000007258fe2a8,0x0000000740c00000)
Event: 9868.495 GC heap after
Heap after GC invocations=55 (full 2):
 PSYoungGen      total 250368K, used 800K [0x00000007f0000000, 0x0000000800000000, 0x0000000800000000)
  eden space 239104K, 0% used [0x00000007f0000000,0x00000007f0000000,0x00000007fe980000)
  from space 11264K, 7% used [0x00000007fe980000,0x00000007fea48000,0x00000007ff480000)
  to   space 10752K, 0% used [0x00000007ff580000,0x00000007ff580000,0x0000000800000000)
 ParOldGen       total 786432K, used 217976K [0x000000076d400000, 0x000000079d400000, 0x00000007f0000000)
  object space 786432K, 27% used [0x000000076d400000,0x000000077a8de118,0x000000079d400000)
 PSPermGen       total 524288K, used 78840K [0x0000000720c00000, 0x0000000740c00000, 0x000000076d400000)
  object space 524288K, 15% used [0x0000000720c00000,0x00000007258fe2a8,0x0000000740c00000)
}
Event: 9868.495 GC heap before
{Heap before GC invocations=56 (full 3):
 PSYoungGen      total 250368K, used 800K [0x00000007f0000000, 0x0000000800000000, 0x0000000800000000)
  eden space 239104K, 0% used [0x00000007f0000000,0x00000007f0000000,0x00000007fe980000)
  from space 11264K, 7% used [0x00000007fe980000,0x00000007fea48000,0x00000007ff480000)
  to   space 10752K, 0% used [0x00000007ff580000,0x00000007ff580000,0x0000000800000000)
 ParOldGen       total 786432K, used 217976K [0x000000076d400000, 0x000000079d400000, 0x00000007f0000000)
  object space 786432K, 27% used [0x000000076d400000,0x000000077a8de118,0x000000079d400000)
 PSPermGen       total 524288K, used 78840K [0x0000000720c00000, 0x0000000740c00000, 0x000000076d400000)
  object space 524288K, 15% used [0x0000000720c00000,0x00000007258fe2a8,0x0000000740c00000)

Deoptimization events (10 events):
Event: 1286.818 Thread 0x0000000010e78000 Uncommon trap: reason=bimorphic action=maybe_recompile pc=0x00000000034942c0 method=sun.reflect.GeneratedMethodAccessor58.invoke(Ljava/lang/Object;[Ljava/lang/Object;)Ljava/lang/Object; @ 114
Event: 1338.021 Thread 0x0000000010e78000 Uncommon trap: reason=unreached action=reinterpret pc=0x000000000315c494 method=com.google.gwt.dev.util.log.AbstractTreeLogger.causedBySpecialError(Ljava/lang/Throwable;)Ljava/lang/String; @ 1
Event: 1399.118 Thread 0x0000000010e78000 Uncommon trap: reason=unreached action=reinterpret pc=0x00000000031653c0 method=org.apache.commons.collections.map.AbstractReferenceMap.purge(Ljava/lang/ref/Reference;)V @ 95
Event: 1482.224 Thread 0x0000000010e78000 Uncommon trap: reason=unreached action=reinterpret pc=0x000000000338b5f8 method=com.google.gwt.core.client.impl.SchedulerImpl.flushEntryCommands()V @ 4
Event: 3422.313 Thread 0x0000000010e7c000 Uncommon trap: reason=unloaded action=reinterpret pc=0x0000000002d486dc method=java.util.ArrayList.rangeCheck(I)V @ 8
Event: 3422.378 Thread 0x0000000010e7c000 Uncommon trap: reason=class_check action=maybe_recompile pc=0x0000000003081808 method=java.lang.Throwable.<init>(Ljava/lang/String;Ljava/lang/Throwable;)V @ 24
Event: 3422.390 Thread 0x0000000010e78000 Uncommon trap: reason=class_check action=maybe_recompile pc=0x0000000003081808 method=java.lang.Throwable.<init>(Ljava/lang/String;Ljava/lang/Throwable;)V @ 24
Event: 3422.392 Thread 0x0000000010e78000 Uncommon trap: reason=unreached action=reinterpret pc=0x0000000002e2a5cc method=java.lang.Throwable.getOurStackTrace()[Ljava/lang/StackTraceElement; @ 7
Event: 3609.094 Thread 0x000000000e674000 Uncommon trap: reason=unreached action=reinterpret pc=0x00000000030d440c method=java.lang.ref.Reference$ReferenceHandler.run()V @ 74
Event: 3609.095 Thread 0x0000000010e71800 Uncommon trap: reason=unreached action=reinterpret pc=0x0000000002f15e4c method=java.lang.ref.SoftReference.get()Ljava/lang/Object; @ 6

Internal exceptions (10 events):
Event: 1287.514 Thread 0x0000000010e7c800 Threw 0x00000007fb486cb8 at C:\re\jdk7u51\527\hotspot\src\share\vm\prims\jvm.cpp:1244
Event: 1287.515 Thread 0x0000000010e7c800 Threw 0x00000007fb4bff48 at C:\re\jdk7u51\527\hotspot\src\share\vm\prims\jvm.cpp:1244
Event: 1287.634 Thread 0x0000000010e7c800 Threw 0x00000007fb594350 at C:\re\jdk7u51\527\hotspot\src\share\vm\prims\jvm.cpp:1244
Event: 1287.634 Thread 0x0000000010e7c800 Threw 0x00000007fb5bf120 at C:\re\jdk7u51\527\hotspot\src\share\vm\prims\jvm.cpp:1244
Event: 1482.505 Thread 0x0000000010e7c000 Threw 0x00000007f9bf2488 at C:\re\jdk7u51\527\hotspot\src\share\vm\prims\jvm.cpp:1244
Event: 1482.506 Thread 0x0000000010e7c000 Threw 0x00000007f9c1dbc8 at C:\re\jdk7u51\527\hotspot\src\share\vm\prims\jvm.cpp:1244
Event: 3422.377 Thread 0x0000000010e7c000 Threw 0x00000007f16db630 at C:\re\jdk7u51\527\hotspot\src\share\vm\runtime\reflection.cpp:1030
Event: 3422.378 Thread 0x0000000010e7c000 Threw 0x00000007f16dd5a0 at C:\re\jdk7u51\527\hotspot\src\share\vm\prims\jvm.cpp:1244
Event: 3422.380 Thread 0x0000000010e7c000 Threw 0x00000007f16ebb50 at C:\re\jdk7u51\527\hotspot\src\share\vm\prims\jvm.cpp:1244
Event: 3609.095 Thread 0x0000000010e71800 Implicit null exception at 0x0000000002f14ddf to 0x0000000002f15e35

Events (10 events):
Event: 9686.092 Executing VM operation: RevokeBias done
Event: 9750.937 Executing VM operation: RevokeBias
Event: 9750.937 Executing VM operation: RevokeBias done
Event: 9865.984 Executing VM operation: RevokeBias
Event: 9865.984 Executing VM operation: RevokeBias done
Event: 9865.985 Executing VM operation: RevokeBias
Event: 9865.985 Executing VM operation: RevokeBias done
Event: 9865.985 Executing VM operation: RevokeBias
Event: 9865.985 Executing VM operation: RevokeBias done
Event: 9868.484 Executing VM operation: ParallelGCSystemGC


Dynamic libraries:
0x00007ff67c5b0000 - 0x00007ff67c5e3000 	C:\Program Files\Java\jdk1.7.0_51\jre\bin\java.exe
0x00007ffa3c570000 - 0x00007ffa3c71c000 	C:\WINDOWS\SYSTEM32\ntdll.dll
0x00007ffa39f10000 - 0x00007ffa3a04e000 	C:\WINDOWS\system32\KERNEL32.DLL
0x00007ffa397f0000 - 0x00007ffa39905000 	C:\WINDOWS\system32\KERNELBASE.dll
0x00007ffa38260000 - 0x00007ffa382ee000 	C:\WINDOWS\system32\apphelp.dll
0x00007ffa32290000 - 0x00007ffa322e3000 	C:\WINDOWS\AppPatch\AppPatch64\AcGenral.DLL
0x00007ffa3bf50000 - 0x00007ffa3bffa000 	C:\WINDOWS\system32\msvcrt.dll
0x00007ffa394e0000 - 0x00007ffa3950e000 	C:\WINDOWS\SYSTEM32\SspiCli.dll
0x00007ffa3bcd0000 - 0x00007ffa3bd24000 	C:\WINDOWS\system32\SHLWAPI.dll
0x00007ffa3c240000 - 0x00007ffa3c3b7000 	C:\WINDOWS\system32\USER32.dll
0x00007ffa3bac0000 - 0x00007ffa3bc54000 	C:\WINDOWS\system32\ole32.dll
0x00007ffa3a1a0000 - 0x00007ffa3b6cb000 	C:\WINDOWS\system32\SHELL32.dll
0x00007ffa38c50000 - 0x00007ffa38c71000 	C:\WINDOWS\SYSTEM32\USERENV.dll
0x00007ffa3c3f0000 - 0x00007ffa3c49a000 	C:\WINDOWS\system32\ADVAPI32.dll
0x00007ffa37fd0000 - 0x00007ffa37fee000 	C:\WINDOWS\SYSTEM32\MPR.dll
0x00007ffa3a050000 - 0x00007ffa3a191000 	C:\WINDOWS\system32\RPCRT4.dll
0x00007ffa3b7d0000 - 0x00007ffa3b829000 	C:\WINDOWS\SYSTEM32\sechost.dll
0x00007ffa3bd30000 - 0x00007ffa3bf41000 	C:\WINDOWS\SYSTEM32\combase.dll
0x00007ffa39bf0000 - 0x00007ffa39d3f000 	C:\WINDOWS\system32\GDI32.dll
0x00007ffa396c0000 - 0x00007ffa396d5000 	C:\WINDOWS\SYSTEM32\profapi.dll
0x00007ffa38180000 - 0x00007ffa38232000 	C:\WINDOWS\SYSTEM32\SHCORE.dll
0x00007ffa3b6d0000 - 0x00007ffa3b706000 	C:\WINDOWS\system32\IMM32.DLL
0x00007ffa39d40000 - 0x00007ffa39e92000 	C:\WINDOWS\system32\MSCTF.dll
0x00007ffa37620000 - 0x00007ffa3789b000 	C:\WINDOWS\WinSxS\amd64_microsoft.windows.common-controls_6595b64144ccf1df_6.0.9600.18006_none_623f33d3ecbe86e8\COMCTL32.dll
0x0000000073120000 - 0x00000000731f2000 	C:\Program Files\Java\jdk1.7.0_51\jre\bin\msvcr100.dll
0x0000000073200000 - 0x00000000739c9000 	C:\Program Files\Java\jdk1.7.0_51\jre\bin\server\jvm.dll
0x00007ffa2fe70000 - 0x00007ffa2fe79000 	C:\WINDOWS\SYSTEM32\WSOCK32.dll
0x00007ffa378a0000 - 0x00007ffa378c2000 	C:\WINDOWS\SYSTEM32\WINMM.dll
0x00007ffa3c3e0000 - 0x00007ffa3c3e7000 	C:\WINDOWS\system32\PSAPI.DLL
0x00007ffa3bc60000 - 0x00007ffa3bcba000 	C:\WINDOWS\system32\WS2_32.dll
0x00007ffa375b0000 - 0x00007ffa375da000 	C:\WINDOWS\SYSTEM32\WINMMBASE.dll
0x00007ffa3b830000 - 0x00007ffa3b839000 	C:\WINDOWS\system32\NSI.dll
0x00007ffa39910000 - 0x00007ffa3995f000 	C:\WINDOWS\SYSTEM32\cfgmgr32.dll
0x00007ffa384e0000 - 0x00007ffa38508000 	C:\WINDOWS\SYSTEM32\DEVOBJ.dll
0x0000000073e70000 - 0x0000000073e7f000 	C:\Program Files\Java\jdk1.7.0_51\jre\bin\verify.dll
0x00000000730f0000 - 0x0000000073118000 	C:\Program Files\Java\jdk1.7.0_51\jre\bin\java.dll
0x0000000075760000 - 0x0000000075795000 	C:\Program Files\Java\jdk1.7.0_51\jre\bin\jdwp.dll
0x0000000075750000 - 0x0000000075758000 	C:\Program Files\Java\jdk1.7.0_51\jre\bin\npt.dll
0x0000000073e50000 - 0x0000000073e65000 	C:\Program Files\Java\jdk1.7.0_51\jre\bin\zip.dll
0x0000000075740000 - 0x0000000075749000 	C:\Program Files\Java\jdk1.7.0_51\jre\bin\dt_socket.dll
0x00007ffa38ec0000 - 0x00007ffa38f19000 	C:\WINDOWS\system32\mswsock.dll
0x00000000730d0000 - 0x00000000730e9000 	C:\Program Files\Java\jdk1.7.0_51\jre\bin\net.dll
0x0000000072f10000 - 0x00000000730a5000 	C:\Program Files\Java\jdk1.7.0_51\jre\bin\awt.dll
0x00007ffa3b9f0000 - 0x00007ffa3bab1000 	C:\WINDOWS\system32\OLEAUT32.dll
0x00007ffa38300000 - 0x00007ffa38429000 	C:\WINDOWS\system32\uxtheme.dll
0x00007ffa375e0000 - 0x00007ffa37601000 	C:\WINDOWS\system32\dwmapi.dll
0x00007ffa38430000 - 0x00007ffa3843b000 	C:\WINDOWS\SYSTEM32\kernel.appcore.dll
0x00007ffa39590000 - 0x00007ffa3959b000 	C:\WINDOWS\SYSTEM32\CRYPTBASE.dll
0x00007ffa39520000 - 0x00007ffa39583000 	C:\WINDOWS\SYSTEM32\bcryptPrimitives.dll
0x00000000730b0000 - 0x00000000730c1000 	C:\Program Files\Java\jdk1.7.0_51\jre\bin\nio.dll
0x0000000072ec0000 - 0x0000000072f07000 	C:\Program Files\Java\jdk1.7.0_51\jre\bin\fontmanager.dll
0x0000000072e70000 - 0x0000000072eb1000 	C:\Program Files\Java\jdk1.7.0_51\jre\bin\t2k.dll
0x00007ffa3c4b0000 - 0x00007ffa3c566000 	C:\WINDOWS\SYSTEM32\clbcatq.dll
0x00007ffa31a00000 - 0x00007ffa31bae000 	C:\WINDOWS\SYSTEM32\WindowsCodecs.dll
0x00007ffa38f20000 - 0x00007ffa38f40000 	C:\WINDOWS\SYSTEM32\CRYPTSP.dll
0x00007ffa38b40000 - 0x00007ffa38b76000 	C:\WINDOWS\system32\rsaenh.dll
0x00007ffa39180000 - 0x00007ffa391a6000 	C:\WINDOWS\SYSTEM32\bcrypt.dll
0x00007ffa38cc0000 - 0x00007ffa38d64000 	C:\WINDOWS\SYSTEM32\DNSAPI.dll
0x0000000075d60000 - 0x0000000075d86000 	C:\Program Files\Bonjour\mdnsNSP.dll
0x00007ffa352d0000 - 0x00007ffa352fa000 	C:\WINDOWS\SYSTEM32\Iphlpapi.DLL
0x00007ffa352a0000 - 0x00007ffa352aa000 	C:\WINDOWS\SYSTEM32\WINNSI.DLL
0x00007ffa27ff0000 - 0x00007ffa27ffa000 	C:\Windows\System32\rasadhlp.dll
0x00007ffa34e10000 - 0x00007ffa34e7b000 	C:\WINDOWS\System32\fwpuclnt.dll
0x00007ffa238c0000 - 0x00007ffa238d5000 	C:\WINDOWS\system32\napinsp.dll
0x00007ffa238e0000 - 0x00007ffa238fa000 	C:\WINDOWS\system32\pnrpnsp.dll
0x00007ffa35f80000 - 0x00007ffa35f9b000 	C:\WINDOWS\system32\NLAapi.dll
0x00007ffa264f0000 - 0x00007ffa264fd000 	C:\WINDOWS\System32\winrnr.dll
0x00007ffa23900000 - 0x00007ffa23914000 	C:\WINDOWS\system32\wshbth.dll
0x0000000075660000 - 0x0000000075684000 	C:\Program Files\Java\jdk1.7.0_51\jre\bin\sunec.dll
0x0000000075650000 - 0x000000007565b000 	C:\Program Files\Java\jdk1.7.0_51\jre\bin\sunmscapi.dll
0x00007ffa39a10000 - 0x00007ffa39bef000 	C:\WINDOWS\system32\CRYPT32.dll
0x00007ffa39770000 - 0x00007ffa39781000 	C:\WINDOWS\system32\MSASN1.dll
0x00007ffa1fc10000 - 0x00007ffa1fd99000 	C:\WINDOWS\SYSTEM32\dbghelp.dll

VM Arguments:
jvm_args: -XX:MaxHeapSize=512m -Xms1024m -Xmx2348m -XX:NewSize=256m -XX:MaxNewSize=256m -XX:PermSize=512m -XX:MaxPermSize=1224m -Xdebug -Xnoagent -Djava.compiler=none -Xrunjdwp:transport=dt_socket,address=127.0.0.1:58247 
java_command: com.google.gwt.dev.DevMode -war D:\NetBeansProjects\SisegfutGit\Sisegfut\build\web -logLevel ERROR -logdir build/dev-mode-logs -startupUrl / -port 8889 -codeServerPort 9997 co.com.sisegfut.Main
Launcher Type: SUN_STANDARD

Environment Variables:
PATH=C:\oraclexe\app\oracle\product\11.2.0\server\bin;;C:\Program Files (x86)\NVIDIA Corporation\PhysX\Common;C:\Program Files (x86)\Intel\iCLS Client\;C:\Program Files\Intel\iCLS Client\;C:\WINDOWS\system32;C:\WINDOWS;C:\WINDOWS\System32\Wbem;C:\WINDOWS\System32\WindowsPowerShell\v1.0\;C:\Program Files\Intel\Intel(R) Management Engine Components\DAL;C:\Program Files\Intel\Intel(R) Management Engine Components\IPT;C:\Program Files (x86)\Intel\Intel(R) Management Engine Components\DAL;C:\Program Files (x86)\Intel\Intel(R) Management Engine Components\IPT;C:\Program Files (x86)\QuickTime\QTSystem\;C:\Program Files (x86)\Skype\Phone\
USERNAME=ManuelAlejandro
OS=Windows_NT
PROCESSOR_IDENTIFIER=Intel64 Family 6 Model 69 Stepping 1, GenuineIntel



---------------  S Y S T E M  ---------------

OS: Windows 8 , 64 bit Build 9200 

CPU:total 4 (2 cores per cpu, 2 threads per core) family 6 model 69 stepping 1, cmov, cx8, fxsr, mmx, sse, sse2, sse3, ssse3, sse4.1, sse4.2, popcnt, avx, avx2, aes, erms, ht, tsc, tscinvbit

Memory: 4k page, physical 8268844k(1928004k free), swap 10596144k(1497060k free)

vm_info: Java HotSpot(TM) 64-Bit Server VM (24.51-b03) for windows-amd64 JRE (1.7.0_51-b13), built on Dec 18 2013 18:40:56 by "java_re" with unknown MS VC++:1600

time: Tue Nov 10 17:44:49 2015
elapsed time: 9869 seconds

